<?xml version="1.0" encoding="UTF-8"?>
<testng-results ignored="0" total="1" passed="1" failed="0" skipped="0">
  <reporter-output>
  </reporter-output>
  <suite started-at="2022-12-04T20:31:06 EST" name="Default suite" finished-at="2022-12-04T20:31:10 EST" duration-ms="4536">
    <groups>
    </groups>
    <test started-at="2022-12-04T20:31:06 EST" name="Default test" finished-at="2022-12-04T20:31:10 EST" duration-ms="4536">
      <class name="tests.SignUpValidation">
        <test-method is-config="true" signature="setup()[pri:0, instance:tests.SignUpValidation@1cbb87f3]" started-at="2022-12-04T20:31:06 EST" name="setup" finished-at="2022-12-04T20:31:08 EST" duration-ms="2212" status="PASS">
          <reporter-output>
          </reporter-output>
        </test-method> <!-- setup -->
        <test-method signature="SignUpTest()[pri:0, instance:tests.SignUpValidation@1cbb87f3]" started-at="2022-12-04T20:31:08 EST" name="SignUpTest" finished-at="2022-12-04T20:31:10 EST" duration-ms="1734" status="PASS">
          <reporter-output>
          </reporter-output>
        </test-method> <!-- SignUpTest -->
        <test-method is-config="true" signature="quitDriver()[pri:0, instance:tests.SignUpValidation@1cbb87f3]" started-at="2022-12-04T20:31:10 EST" name="quitDriver" finished-at="2022-12-04T20:31:10 EST" duration-ms="566" status="PASS">
          <reporter-output>
          </reporter-output>
        </test-method> <!-- quitDriver -->
      </class> <!-- tests.SignUpValidation -->
    </test> <!-- Default test -->
  </suite> <!-- Default suite -->
</testng-results>
